#
# A fatal error has been detected by the Java Runtime Environment:
#
#  Internal Error (javaCalls.cpp:51), pid=23584, tid=0x0000000000004f20
#  guarantee(thread->is_Java_thread()) failed: crucial check - the VM thread cannot and must not escape to Java code
#
# JRE version: Java(TM) SE Runtime Environment (8.0_201-b09) (build 1.8.0_201-b09)
# Java VM: Java HotSpot(TM) 64-Bit Server VM (25.201-b09 mixed mode windows-amd64 compressed oops)
# Failed to write core dump. Minidumps are not enabled by default on client versions of Windows
#
# If you would like to submit a bug report, please visit:
#   http://bugreport.java.com/bugreport/crash.jsp
#

---------------  T H R E A D  ---------------

Current thread (0x000000001c507000):  VMThread [stack: 0x000000001d5a0000,0x000000001d6a0000] [id=20256]

Stack: [0x000000001d5a0000,0x000000001d6a0000]
[error occurred during error reporting (printing stack bounds), id 0xc0000005]

Native frames: (J=compiled Java code, j=interpreted, Vv=VM code, C=native code)

VM_Operation (0x000000001dfcf2a0): GetOrSetLocal, mode: safepoint, requested by thread 0x000000001c55f800


---------------  P R O C E S S  ---------------

Java Threads: ( => current thread )
  0x000000001ed2d800 JavaThread "ReaderThread" [_thread_in_native, id=13860, stack(0x000000001f3d0000,0x000000001f4d0000)]
  0x000000001c59c800 JavaThread "Service Thread" daemon [_thread_blocked, id=27536, stack(0x000000001e8d0000,0x000000001e9d0000)]
  0x000000001c57a800 JavaThread "C1 CompilerThread2" daemon [_thread_blocked, id=18344, stack(0x000000001e3d0000,0x000000001e4d0000)]
  0x000000001c577800 JavaThread "C2 CompilerThread1" daemon [_thread_blocked, id=24848, stack(0x000000001e2d0000,0x000000001e3d0000)]
  0x000000001c575800 JavaThread "C2 CompilerThread0" daemon [_thread_blocked, id=11564, stack(0x000000001e1d0000,0x000000001e2d0000)]
  0x000000001c56f800 JavaThread "JDWP Command Reader" daemon [_thread_in_native, id=756, stack(0x000000001e0d0000,0x000000001e1d0000)]
  0x000000001c561800 JavaThread "JDWP Event Helper Thread" daemon [_thread_blocked, id=20144, stack(0x000000001dfd0000,0x000000001e0d0000)]
  0x000000001c55f800 JavaThread "JDWP Transport Listener: dt_socket" daemon [_thread_blocked, id=5516, stack(0x000000001ded0000,0x000000001dfd0000)]
  0x000000001c54a000 JavaThread "Attach Listener" daemon [_thread_blocked, id=19032, stack(0x000000001da90000,0x000000001db90000)]
  0x000000001c548800 JavaThread "Signal Dispatcher" daemon [_thread_blocked, id=3088, stack(0x000000001d990000,0x000000001da90000)]
  0x0000000002ebc800 JavaThread "Finalizer" daemon [_thread_blocked, id=21144, stack(0x000000001d7a0000,0x000000001d8a0000)]
  0x0000000002eb4000 JavaThread "Reference Handler" daemon [_thread_blocked, id=7864, stack(0x000000001d6a0000,0x000000001d7a0000)]
  0x0000000002dc3800 JavaThread "main" [_thread_blocked, id=25432, stack(0x0000000002c50000,0x0000000002d50000)]

Other Threads:
=>0x000000001c507000 VMThread [stack: 0x000000001d5a0000,0x000000001d6a0000] [id=20256]
  0x000000001e551000 WatcherThread [stack: 0x000000001e9d0000,0x000000001ead0000] [id=19172]

VM state:at safepoint (normal execution)

VM Mutex/Monitor currently owned by a thread:  ([mutex/lock_event])
[0x0000000002dc0d50] Threads_lock - owner thread: 0x000000001c507000

heap address: 0x00000006c1a00000, size: 4070 MB, Compressed Oops mode: Zero based, Oop shift amount: 3
Narrow klass base: 0x0000000000000000, Narrow klass shift: 3
Compressed class space size: 1073741824 Address: 0x00000007c0000000

Heap:
 PSYoungGen      total 76288K, used 22314K [0x000000076b380000, 0x0000000770880000, 0x00000007c0000000)
  eden space 65536K, 34% used [0x000000076b380000,0x000000076c94ab78,0x000000076f380000)
  from space 10752K, 0% used [0x000000076fe00000,0x000000076fe00000,0x0000000770880000)
  to   space 10752K, 0% used [0x000000076f380000,0x000000076f380000,0x000000076fe00000)
 ParOldGen       total 175104K, used 0K [0x00000006c1a00000, 0x00000006cc500000, 0x000000076b380000)
  object space 175104K, 0% used [0x00000006c1a00000,0x00000006c1a00000,0x00000006cc500000)
 Metaspace       used 8639K, capacity 8718K, committed 8960K, reserved 1056768K
  class space    used 989K, capacity 1011K, committed 1024K, reserved 1048576K

Card table byte_map: [0x0000000012320000,0x0000000012b20000] byte_map_base: 0x000000000ed13000

Marking Bits: (ParMarkBitMap*) 0x00000000606b4ce0
 Begin Bits: [0x0000000013470000, 0x0000000017408000)
 End Bits:   [0x0000000017408000, 0x000000001b3a0000)

Polling page: 0x0000000002d50000

CodeCache: size=245760Kb used=2722Kb max_used=2722Kb free=243037Kb
 bounds [0x0000000002f60000, 0x0000000003210000, 0x0000000011f60000]
 total_blobs=923 nmethods=607 adapters=237
 compilation: enabled

Compilation events (10 events):
Event: 0.552 Thread 0x000000001c57a800  603       3       java.nio.Buffer::position (43 bytes)
Event: 0.552 Thread 0x000000001c57a800 nmethod 603 0x0000000003209110 code [0x0000000003209280, 0x0000000003209568]
Event: 0.552 Thread 0x000000001c57a800  604       1       java.lang.Class::getAnnotationType (5 bytes)
Event: 0.552 Thread 0x000000001c57a800 nmethod 604 0x0000000003209650 code [0x00000000032097a0, 0x00000000032098b0]
Event: 0.552 Thread 0x000000001c57a800  605       1       org.testng.shaded.com.google.gson.reflect.TypeToken::hashCode (5 bytes)
Event: 0.552 Thread 0x000000001c57a800 nmethod 605 0x0000000003209910 code [0x0000000003209a60, 0x0000000003209b70]
Event: 0.553 Thread 0x000000001c57a800  606       1       java.util.Collections$EmptyIterator::hasNext (2 bytes)
Event: 0.553 Thread 0x000000001c57a800 nmethod 606 0x0000000003209bd0 code [0x0000000003209d20, 0x0000000003209e30]
Event: 0.553 Thread 0x000000001c57a800  607       3       java.io.BufferedWriter::ensureOpen (18 bytes)
Event: 0.553 Thread 0x000000001c57a800 nmethod 607 0x0000000003209e90 code [0x000000000320a000, 0x000000000320a268]

GC Heap History (0 events):
No events

Deoptimization events (2 events):
Event: 0.311 Thread 0x0000000002dc3800 Uncommon trap: reason=unstable_if action=reinterpret pc=0x0000000003102e2c method=java.lang.String.indexOf([CII[CIII)I @ 3
Event: 0.527 Thread 0x0000000002dc3800 Uncommon trap: reason=range_check action=make_not_entrant pc=0x00000000031fd950 method=sun.reflect.generics.parser.SignatureParser.current()C @ 34

Classes redefined (2 events):
Event: 32.851 Thread 0x000000001c507000 redefined class name=com.qa.restAssured.GETRestTest, count=1
Event: 45.460 Thread 0x000000001c507000 redefined class name=com.qa.restAssured.GETRestTest, count=2

Internal exceptions (7 events):
Event: 0.032 Thread 0x0000000002dc3800 Exception <a 'java/lang/NoSuchMethodError': Method sun.misc.Unsafe.defineClass(Ljava/lang/String;[BII)Ljava/lang/Class; name or signature does not match> (0x000000076b387cb0) thrown at [C:\re\workspace\8-2-build-windows-amd64-cygwin\jdk8u201\12322\hotspot
Event: 0.032 Thread 0x0000000002dc3800 Exception <a 'java/lang/NoSuchMethodError': Method sun.misc.Unsafe.prefetchRead(Ljava/lang/Object;J)V name or signature does not match> (0x000000076b387f98) thrown at [C:\re\workspace\8-2-build-windows-amd64-cygwin\jdk8u201\12322\hotspot\src\share\vm\prim
Event: 0.205 Thread 0x0000000002dc3800 Exception <a 'java/lang/ArrayIndexOutOfBoundsException'> (0x000000076b8bd578) thrown at [C:\re\workspace\8-2-build-windows-amd64-cygwin\jdk8u201\12322\hotspot\src\share\vm\runtime\sharedRuntime.cpp, line 605]
Event: 0.205 Thread 0x0000000002dc3800 Exception <a 'java/lang/ArrayIndexOutOfBoundsException'> (0x000000076b8be480) thrown at [C:\re\workspace\8-2-build-windows-amd64-cygwin\jdk8u201\12322\hotspot\src\share\vm\runtime\sharedRuntime.cpp, line 605]
Event: 0.527 Thread 0x0000000002dc3800 Exception <a 'java/lang/ArrayIndexOutOfBoundsException': 65> (0x000000076c503188) thrown at [C:\re\workspace\8-2-build-windows-amd64-cygwin\jdk8u201\12322\hotspot\src\share\vm\interpreter\interpreterRuntime.cpp, line 368]
Event: 0.528 Thread 0x0000000002dc3800 Exception <a 'java/lang/ArrayIndexOutOfBoundsException': 60> (0x000000076c508e38) thrown at [C:\re\workspace\8-2-build-windows-amd64-cygwin\jdk8u201\12322\hotspot\src\share\vm\interpreter\interpreterRuntime.cpp, line 368]
Event: 2.758 Thread 0x0000000002dc3800 Exception <a 'java/lang/NullPointerException'> (0x000000076c840a38) thrown at [C:\re\workspace\8-2-build-windows-amd64-cygwin\jdk8u201\12322\hotspot\src\share\vm\interpreter\linkResolver.cpp, line 1185]

Events (10 events):
Event: 45.460 Executing VM operation: RedefineClasses done
Event: 45.464 Executing VM operation: ChangeBreakpoints
Event: 45.464 Executing VM operation: ChangeBreakpoints done
Event: 45.468 Executing VM operation: ChangeBreakpoints
Event: 45.469 Executing VM operation: ChangeBreakpoints done
Event: 45.513 Executing VM operation: GetOwnedMonitorInfo
Event: 45.513 Executing VM operation: GetOwnedMonitorInfo done
Event: 45.513 Executing VM operation: GetCurrentContendedMonitor
Event: 45.513 Executing VM operation: GetCurrentContendedMonitor done
Event: 45.517 Executing VM operation: GetOrSetLocal


Dynamic libraries:
0x00007ff6fefb0000 - 0x00007ff6fefe7000 	C:\Program Files\Java\jdk1.8.0_201\bin\javaw.exe
0x00007ffeeeff0000 - 0x00007ffeef1d1000 	C:\Windows\SYSTEM32\ntdll.dll
0x00007ffeed630000 - 0x00007ffeed6e1000 	C:\Windows\System32\KERNEL32.DLL
0x00007ffeeb500000 - 0x00007ffeeb773000 	C:\Windows\System32\KERNELBASE.dll
0x00007ffeece80000 - 0x00007ffeecf21000 	C:\Windows\System32\ADVAPI32.dll
0x00007ffeec460000 - 0x00007ffeec4fe000 	C:\Windows\System32\msvcrt.dll
0x00007ffeeee00000 - 0x00007ffeeee5b000 	C:\Windows\System32\sechost.dll
0x00007ffeeee60000 - 0x00007ffeeef84000 	C:\Windows\System32\RPCRT4.dll
0x00007ffeecb60000 - 0x00007ffeeccf0000 	C:\Windows\System32\USER32.dll
0x00007ffeeb4e0000 - 0x00007ffeeb500000 	C:\Windows\System32\win32u.dll
0x00007ffeec680000 - 0x00007ffeec6a8000 	C:\Windows\System32\GDI32.dll
0x00007ffeec0c0000 - 0x00007ffeec252000 	C:\Windows\System32\gdi32full.dll
0x00007ffeeb390000 - 0x00007ffeeb42f000 	C:\Windows\System32\msvcp_win.dll
0x00007ffeeb780000 - 0x00007ffeeb878000 	C:\Windows\System32\ucrtbase.dll
0x00007ffed30f0000 - 0x00007ffed3359000 	C:\Windows\WinSxS\amd64_microsoft.windows.common-controls_6595b64144ccf1df_6.0.17134.706_none_fb43a2cb30647007\COMCTL32.dll
0x00007ffeed300000 - 0x00007ffeed622000 	C:\Windows\System32\combase.dll
0x00007ffeebfe0000 - 0x00007ffeec05a000 	C:\Windows\System32\bcryptPrimitives.dll
0x00007ffeecdf0000 - 0x00007ffeece1d000 	C:\Windows\System32\IMM32.DLL
0x0000000061140000 - 0x0000000061211000 	C:\Program Files\Java\jdk1.8.0_201\jre\bin\msvcr100.dll
0x000000005fe90000 - 0x0000000060734000 	C:\Program Files\Java\jdk1.8.0_201\jre\bin\server\jvm.dll
0x00007ffeed2f0000 - 0x00007ffeed2f8000 	C:\Windows\System32\PSAPI.DLL
0x00007ffedeb90000 - 0x00007ffedeb9a000 	C:\Windows\SYSTEM32\VERSION.dll
0x00007ffee0f30000 - 0x00007ffee0f39000 	C:\Windows\SYSTEM32\WSOCK32.dll
0x00007ffeecf30000 - 0x00007ffeecf9c000 	C:\Windows\System32\WS2_32.dll
0x00007ffee9430000 - 0x00007ffee9453000 	C:\Windows\SYSTEM32\WINMM.dll
0x00007ffee9400000 - 0x00007ffee942a000 	C:\Windows\SYSTEM32\WINMMBASE.dll
0x00007ffeeb880000 - 0x00007ffeeb8c9000 	C:\Windows\System32\cfgmgr32.dll
0x00007ffee2060000 - 0x00007ffee206f000 	C:\Program Files\Java\jdk1.8.0_201\jre\bin\verify.dll
0x00007ffed9c50000 - 0x00007ffed9c79000 	C:\Program Files\Java\jdk1.8.0_201\jre\bin\java.dll
0x00007ffed3a60000 - 0x00007ffed3a95000 	C:\Program Files\Java\jdk1.8.0_201\jre\bin\jdwp.dll
0x00007ffeda390000 - 0x00007ffeda398000 	C:\Program Files\Java\jdk1.8.0_201\jre\bin\npt.dll
0x00007ffed9c30000 - 0x00007ffed9c46000 	C:\Program Files\Java\jdk1.8.0_201\jre\bin\zip.dll
0x00007ffeed820000 - 0x00007ffeeec60000 	C:\Windows\System32\SHELL32.dll
0x00007ffeed770000 - 0x00007ffeed819000 	C:\Windows\System32\shcore.dll
0x00007ffeeb8d0000 - 0x00007ffeebfdd000 	C:\Windows\System32\windows.storage.dll
0x00007ffeecb00000 - 0x00007ffeecb51000 	C:\Windows\System32\shlwapi.dll
0x00007ffeeb370000 - 0x00007ffeeb381000 	C:\Windows\System32\kernel.appcore.dll
0x00007ffeeb2e0000 - 0x00007ffeeb2ff000 	C:\Windows\System32\profapi.dll
0x00007ffeeb300000 - 0x00007ffeeb34c000 	C:\Windows\System32\powrprof.dll
0x00007ffeeb2d0000 - 0x00007ffeeb2da000 	C:\Windows\System32\FLTLIB.DLL
0x00007ffed9dc0000 - 0x00007ffed9dc9000 	C:\Program Files\Java\jdk1.8.0_201\jre\bin\dt_socket.dll
0x00007ffee0fc0000 - 0x00007ffee0fd6000 	C:\Windows\system32\napinsp.dll
0x00007ffee1050000 - 0x00007ffee106a000 	C:\Windows\system32\pnrpnsp.dll
0x00007ffee2010000 - 0x00007ffee2029000 	C:\Windows\system32\NLAapi.dll
0x00007ffeeaaf0000 - 0x00007ffeeab56000 	C:\Windows\System32\mswsock.dll
0x00007ffeea8b0000 - 0x00007ffeea96e000 	C:\Windows\SYSTEM32\DNSAPI.dll
0x00007ffeed120000 - 0x00007ffeed128000 	C:\Windows\System32\NSI.dll
0x00007ffeea870000 - 0x00007ffeea8a8000 	C:\Windows\SYSTEM32\IPHLPAPI.DLL
0x00007ffee13a0000 - 0x00007ffee13ae000 	C:\Windows\System32\winrnr.dll
0x00007ffee2200000 - 0x00007ffee2272000 	C:\Windows\System32\fwpuclnt.dll
0x00007ffeeae30000 - 0x00007ffeeae55000 	C:\Windows\SYSTEM32\bcrypt.dll
0x00007ffedef50000 - 0x00007ffedef5a000 	C:\Windows\System32\rasadhlp.dll
0x00007ffed6f80000 - 0x00007ffed6f9a000 	C:\Program Files\Java\jdk1.8.0_201\jre\bin\net.dll
0x00007ffee7980000 - 0x00007ffee7b48000 	C:\Windows\SYSTEM32\urlmon.dll
0x00007ffee76d0000 - 0x00007ffee7976000 	C:\Windows\SYSTEM32\iertutil.dll
0x00007ffeeaca0000 - 0x00007ffeeacab000 	C:\Windows\SYSTEM32\CRYPTBASE.DLL
0x00007ffeeacb0000 - 0x00007ffeeacc7000 	C:\Windows\SYSTEM32\CRYPTSP.dll
0x00007ffeea6d0000 - 0x00007ffeea703000 	C:\Windows\system32\rsaenh.dll
0x00007ffeeb1d0000 - 0x00007ffeeb1f8000 	C:\Windows\SYSTEM32\USERENV.dll
0x00007ffee1ce0000 - 0x00007ffee1cf6000 	C:\Windows\SYSTEM32\dhcpcsvc6.DLL
0x00007ffee1cc0000 - 0x00007ffee1cda000 	C:\Windows\SYSTEM32\dhcpcsvc.DLL
0x00007ffed3a40000 - 0x00007ffed3a51000 	C:\Program Files\Java\jdk1.8.0_201\jre\bin\nio.dll

VM Arguments:
jvm_args: -agentlib:jdwp=transport=dt_socket,suspend=y,address=localhost:62070 -ea -Dfile.encoding=Cp1252 -Xbootclasspath:C:\Program Files\Java\jdk1.8.0_201\jre\lib\resources.jar;C:\Program Files\Java\jdk1.8.0_201\jre\lib\rt.jar;C:\Program Files\Java\jdk1.8.0_201\jre\lib\jsse.jar;C:\Program Files\Java\jdk1.8.0_201\jre\lib\jce.jar;C:\Program Files\Java\jdk1.8.0_201\jre\lib\charsets.jar;C:\Program Files\Java\jdk1.8.0_201\jre\lib\jfr.jar;C:\Program Files\Java\jdk1.8.0_201\lib\tools.jar 
java_command: org.testng.remote.RemoteTestNG -serport 62069 -protocol json -d C:\Users\dheeraj.singh\eclipse-workspace\RestApiTest\test-output C:\Users\DHEERA~1.SIN\AppData\Local\Temp\testng-eclipse-414965825\testng-customsuite.xml
java_class_path (initial): C:\Users\dheeraj.singh\Downloads\eclipse-jee-2018-12-R-win32-x86_64\eclipse\configuration\org.eclipse.osgi\956\0\.cp\lib\testng-remote.jar;C:\Users\dheeraj.singh\eclipse-workspace\RestApiTest\target\test-classes;C:\Users\dheeraj.singh\eclipse-workspace\RestApiTest\target\classes;C:\Users\dheeraj.singh\.m2\repository\io\rest-assured\rest-assured\3.0.0\rest-assured-3.0.0.jar;C:\Users\dheeraj.singh\.m2\repository\org\codehaus\groovy\groovy\2.4.6\groovy-2.4.6.jar;C:\Users\dheeraj.singh\.m2\repository\org\codehaus\groovy\groovy-xml\2.4.6\groovy-xml-2.4.6.jar;C:\Users\dheeraj.singh\.m2\repository\org\apache\httpcomponents\httpmime\4.5.1\httpmime-4.5.1.jar;C:\Users\dheeraj.singh\.m2\repository\org\hamcrest\hamcrest-core\1.3\hamcrest-core-1.3.jar;C:\Users\dheeraj.singh\.m2\repository\org\hamcrest\hamcrest-library\1.3\hamcrest-library-1.3.jar;C:\Users\dheeraj.singh\.m2\repository\org\ccil\cowan\tagsoup\tagsoup\1.2.1\tagsoup-1.2.1.jar;C:\Users\dheeraj.singh\.m2\repository\io\rest-assured\json-path\3.0.0\json-path-3.0.0.jar;C:\Users\dheeraj.singh\.m2\repository\org\codehaus\groovy\groovy-json\2.4.6\groovy-json-2.4.6.jar;C:\Users\dheeraj.singh\.m2\repository\io\rest-assured\rest-assured-common\3.0.0\rest-assured-common-3.0.0.jar;C:\Users\dheeraj.singh\.m2\repository\io\rest-assured\xml-path\3.0.0\xml-path-3.0.0.jar;C:\Users\dheeraj.singh\.m2\repository\org\apache\commons\commons-lang3\3.4\commons-lang3-3.4.jar;C:\Users\dheeraj.singh\.m2\repository\org\apache\httpcomponents\httpclient\4.5.8\httpclient-4.5.8.jar;C:\Users\dheeraj.singh\.m2\repository\commons-logging\commons-logging\1.2\commons-logging-1.2.jar;C:\Users\dheeraj.singh\.m2\repository\commons-codec\commons-codec\1.11\commons-codec-1.11.jar;C:\Users\dheeraj.singh\.m2\repository\org\apache\httpcomponents\httpcore\4.4.11\httpcore-4.4.11.jar;C:\Users\dheeraj.singh\.m2\repository\org\testng\testng\6.14.3\testng-6.14.3.jar;C:\Users\dheeraj.singh\.m2\repository\com\beust\jcommander\1.72\jcommander
Launcher Type: SUN_STANDARD

Environment Variables:
PATH=C:\Program Files\Java\jdk1.8.0_201\jre\bin;C:/Program Files/Java/jre1.8.0_201/bin/server;C:/Program Files/Java/jre1.8.0_201/bin;C:/Program Files/Java/jre1.8.0_201/lib/amd64;C:\Program Files (x86)\Common Files\Oracle\Java\javapath;C:\Windows\system32;C:\Windows;C:\Windows\System32\Wbem;C:\Windows\System32\WindowsPowerShell\v1.0\;C:\Windows\System32\OpenSSH\;C:\Program Files\TortoiseSVN\bin;C:\Program Files\dotnet\;C:\Program Files\Microsoft SQL Server\130\Tools\Binn\;E:\Selenium jars\apache-maven-3.6.0\bin;C:\Program Files\Java\jdk1.8.0_201\bin;C:\Users\dheeraj.singh\AppData\Local\Programs\Git\cmd;C:\Users\dheeraj.singh\.dotnet\tools;C:\Users\dheeraj.singh\Downloads\eclipse-jee-2018-12-R-win32-x86_64\eclipse;
USERNAME=dheeraj.singh
OS=Windows_NT
PROCESSOR_IDENTIFIER=Intel64 Family 6 Model 158 Stepping 9, GenuineIntel



---------------  S Y S T E M  ---------------

OS: Windows 10.0 , 64 bit Build 17134 (10.0.17134.706)

CPU:total 4 (initial active 4) (4 cores per cpu, 1 threads per core) family 6 model 158 stepping 9, cmov, cx8, fxsr, mmx, sse, sse2, sse3, ssse3, sse4.1, sse4.2, popcnt, avx, avx2, aes, clmul, erms, rtm, 3dnowpref, lzcnt, tsc, tscinvbit, bmi1, bmi2, adx

Memory: 4k page, physical 16670584k(8337404k free), swap 19160952k(3680060k free)

vm_info: Java HotSpot(TM) 64-Bit Server VM (25.201-b09) for windows-amd64 JRE (1.8.0_201-b09), built on Dec 15 2018 18:36:39 by "java_re" with MS VC++ 10.0 (VS2010)

time: Tue Apr 30 15:41:12 2019
timezone: India Standard Time
elapsed time: 45 seconds (0d 0h 0m 45s)

