#
# A fatal error has been detected by the Java Runtime Environment:
#
#  Internal Error (constantTag.cpp:59), pid=26272, tid=0x00000000000056f8
#  Error: ShouldNotReachHere()
#
# JRE version: Java(TM) SE Runtime Environment (8.0_201-b09) (build 1.8.0_201-b09)
# Java VM: Java HotSpot(TM) 64-Bit Server VM (25.201-b09 mixed mode windows-amd64 compressed oops)
# Failed to write core dump. Minidumps are not enabled by default on client versions of Windows
#
# If you would like to submit a bug report, please visit:
#   http://bugreport.java.com/bugreport/crash.jsp
#

---------------  T H R E A D  ---------------

Current thread (0x000000001c767000):  VMThread [stack: 0x000000001d800000,0x000000001d900000] [id=22264]

Stack: [0x000000001d800000,0x000000001d900000]
[error occurred during error reporting (printing stack bounds), id 0xc0000005]

Native frames: (J=compiled Java code, j=interpreted, Vv=VM code, C=native code)

VM_Operation (0x000000001e22f720): GetOrSetLocal, mode: safepoint, requested by thread 0x000000001c7b1800


---------------  P R O C E S S  ---------------

Java Threads: ( => current thread )
  0x000000001ee9a000 JavaThread "ReaderThread" [_thread_in_native, id=10256, stack(0x000000001f630000,0x000000001f730000)]
  0x000000001e7a4800 JavaThread "Service Thread" daemon [_thread_blocked, id=19360, stack(0x000000001eb30000,0x000000001ec30000)]
  0x000000001c7e1000 JavaThread "C1 CompilerThread2" daemon [_thread_blocked, id=11068, stack(0x000000001e630000,0x000000001e730000)]
  0x000000001c7dd000 JavaThread "C2 CompilerThread1" daemon [_thread_blocked, id=12596, stack(0x000000001e530000,0x000000001e630000)]
  0x000000001c7da800 JavaThread "C2 CompilerThread0" daemon [_thread_blocked, id=11804, stack(0x000000001e430000,0x000000001e530000)]
  0x000000001c7cd000 JavaThread "JDWP Command Reader" daemon [_thread_in_native, id=18492, stack(0x000000001e330000,0x000000001e430000)]
  0x000000001c7bf000 JavaThread "JDWP Event Helper Thread" daemon [_thread_blocked, id=19296, stack(0x000000001e230000,0x000000001e330000)]
  0x000000001c7b1800 JavaThread "JDWP Transport Listener: dt_socket" daemon [_thread_blocked, id=18720, stack(0x000000001e130000,0x000000001e230000)]
  0x000000001c7a7000 JavaThread "Attach Listener" daemon [_thread_blocked, id=15232, stack(0x000000001dcf0000,0x000000001ddf0000)]
  0x000000001c7a5800 JavaThread "Signal Dispatcher" daemon [_thread_blocked, id=11984, stack(0x000000001dbf0000,0x000000001dcf0000)]
  0x00000000031bc800 JavaThread "Finalizer" daemon [_thread_blocked, id=24892, stack(0x000000001da00000,0x000000001db00000)]
  0x00000000031b4000 JavaThread "Reference Handler" daemon [_thread_blocked, id=7296, stack(0x000000001d900000,0x000000001da00000)]
  0x00000000030c3800 JavaThread "main" [_thread_blocked, id=21440, stack(0x0000000002fc0000,0x00000000030c0000)]

Other Threads:
=>0x000000001c767000 VMThread [stack: 0x000000001d800000,0x000000001d900000] [id=22264]
  0x000000001e7a9800 WatcherThread [stack: 0x000000001ec30000,0x000000001ed30000] [id=18000]

VM state:at safepoint (normal execution)

VM Mutex/Monitor currently owned by a thread:  ([mutex/lock_event])
[0x00000000030c0350] Threads_lock - owner thread: 0x000000001c767000

heap address: 0x00000006c1a00000, size: 4070 MB, Compressed Oops mode: Zero based, Oop shift amount: 3
Narrow klass base: 0x0000000000000000, Narrow klass shift: 3
Compressed class space size: 1073741824 Address: 0x00000007c0000000

Heap:
 PSYoungGen      total 76288K, used 4448K [0x000000076b380000, 0x0000000770880000, 0x00000007c0000000)
  eden space 65536K, 6% used [0x000000076b380000,0x000000076b7d81b0,0x000000076f380000)
  from space 10752K, 0% used [0x000000076fe00000,0x000000076fe00000,0x0000000770880000)
  to   space 10752K, 0% used [0x000000076f380000,0x000000076f380000,0x000000076fe00000)
 ParOldGen       total 125440K, used 14160K [0x00000006c1a00000, 0x00000006c9480000, 0x000000076b380000)
  object space 125440K, 11% used [0x00000006c1a00000,0x00000006c27d40f0,0x00000006c9480000)
 Metaspace       used 20656K, capacity 21502K, committed 21632K, reserved 1069056K
  class space    used 2492K, capacity 2866K, committed 2944K, reserved 1048576K

Card table byte_map: [0x0000000012580000,0x0000000012d80000] byte_map_base: 0x000000000ef73000

Marking Bits: (ParMarkBitMap*) 0x00000000606b4ce0
 Begin Bits: [0x00000000136d0000, 0x0000000017668000)
 End Bits:   [0x0000000017668000, 0x000000001b600000)

Polling page: 0x00000000012f0000

CodeCache: size=245760Kb used=9096Kb max_used=9108Kb free=236664Kb
 bounds [0x00000000031c0000, 0x0000000003ab0000, 0x00000000121c0000]
 total_blobs=2691 nmethods=2052 adapters=559
 compilation: enabled

Compilation events (10 events):
Event: 3.075 Thread 0x000000001c7e1000 2051       3       java.lang.Class$MethodArray::addInterfaceMethods (44 bytes)
Event: 3.075 Thread 0x000000001c7e1000 nmethod 2051 0x0000000003aa37d0 code [0x0000000003aa3960, 0x0000000003aa3d68]
Event: 3.078 Thread 0x000000001c7da800 nmethod 2046 0x0000000003aa0490 code [0x0000000003aa0660, 0x0000000003aa1628]
Event: 3.078 Thread 0x000000001c7da800 2052       4       org.codehaus.groovy.util.SingleKeyHashMap::getOrPut (137 bytes)
Event: 3.078 Thread 0x000000001c7e1000 2053       3       java.util.HashMap$Values::iterator (12 bytes)
Event: 3.079 Thread 0x000000001c7e1000 nmethod 2053 0x0000000003a9ff90 code [0x0000000003aa0100, 0x0000000003aa0388]
Event: 3.079 Thread 0x000000001c7e1000 2054       3       java.util.HashMap$ValueIterator::<init> (11 bytes)
Event: 3.079 Thread 0x000000001c7e1000 nmethod 2054 0x0000000003aa3410 code [0x0000000003aa3580, 0x0000000003aa3748]
Event: 3.081 Thread 0x000000001c7da800 nmethod 2052 0x0000000003aa2b50 code [0x0000000003aa2cc0, 0x0000000003aa30e8]
Event: 3.081 Thread 0x000000001c7dd000 nmethod 2050 0x0000000003aa6dd0 code [0x0000000003aa6f40, 0x0000000003aa74e8]

GC Heap History (6 events):
Event: 1.361 GC heap before
{Heap before GC invocations=1 (full 0):
 PSYoungGen      total 76288K, used 65536K [0x000000076b380000, 0x0000000770880000, 0x00000007c0000000)
  eden space 65536K, 100% used [0x000000076b380000,0x000000076f380000,0x000000076f380000)
  from space 10752K, 0% used [0x000000076fe00000,0x000000076fe00000,0x0000000770880000)
  to   space 10752K, 0% used [0x000000076f380000,0x000000076f380000,0x000000076fe00000)
 ParOldGen       total 175104K, used 0K [0x00000006c1a00000, 0x00000006cc500000, 0x000000076b380000)
  object space 175104K, 0% used [0x00000006c1a00000,0x00000006c1a00000,0x00000006cc500000)
 Metaspace       used 14713K, capacity 15166K, committed 15232K, reserved 1062912K
  class space    used 1693K, capacity 1877K, committed 1920K, reserved 1048576K
Event: 1.374 GC heap after
Heap after GC invocations=1 (full 0):
 PSYoungGen      total 76288K, used 10724K [0x000000076b380000, 0x0000000770880000, 0x00000007c0000000)
  eden space 65536K, 0% used [0x000000076b380000,0x000000076b380000,0x000000076f380000)
  from space 10752K, 99% used [0x000000076f380000,0x000000076fdf9000,0x000000076fe00000)
  to   space 10752K, 0% used [0x000000076fe00000,0x000000076fe00000,0x0000000770880000)
 ParOldGen       total 175104K, used 1553K [0x00000006c1a00000, 0x00000006cc500000, 0x000000076b380000)
  object space 175104K, 0% used [0x00000006c1a00000,0x00000006c1b846a0,0x00000006cc500000)
 Metaspace       used 14713K, capacity 15166K, committed 15232K, reserved 1062912K
  class space    used 1693K, capacity 1877K, committed 1920K, reserved 1048576K
}
Event: 2.999 GC heap before
{Heap before GC invocations=2 (full 0):
 PSYoungGen      total 76288K, used 53235K [0x000000076b380000, 0x0000000770880000, 0x00000007c0000000)
  eden space 65536K, 64% used [0x000000076b380000,0x000000076dd03cd8,0x000000076f380000)
  from space 10752K, 99% used [0x000000076f380000,0x000000076fdf9000,0x000000076fe00000)
  to   space 10752K, 0% used [0x000000076fe00000,0x000000076fe00000,0x0000000770880000)
 ParOldGen       total 175104K, used 1553K [0x00000006c1a00000, 0x00000006cc500000, 0x000000076b380000)
  object space 175104K, 0% used [0x00000006c1a00000,0x00000006c1b846a0,0x00000006cc500000)
 Metaspace       used 20417K, capacity 21172K, committed 21248K, reserved 1067008K
  class space    used 2442K, capacity 2796K, committed 2816K, reserved 1048576K
Event: 3.010 GC heap after
Heap after GC invocations=2 (full 0):
 PSYoungGen      total 76288K, used 10749K [0x000000076b380000, 0x0000000770880000, 0x00000007c0000000)
  eden space 65536K, 0% used [0x000000076b380000,0x000000076b380000,0x000000076f380000)
  from space 10752K, 99% used [0x000000076fe00000,0x000000077087f4d8,0x0000000770880000)
  to   space 10752K, 0% used [0x000000076f380000,0x000000076f380000,0x000000076fe00000)
 ParOldGen       total 175104K, used 5112K [0x00000006c1a00000, 0x00000006cc500000, 0x000000076b380000)
  object space 175104K, 2% used [0x00000006c1a00000,0x00000006c1efe088,0x00000006cc500000)
 Metaspace       used 20417K, capacity 21172K, committed 21248K, reserved 1067008K
  class space    used 2442K, capacity 2796K, committed 2816K, reserved 1048576K
}
Event: 3.010 GC heap before
{Heap before GC invocations=3 (full 1):
 PSYoungGen      total 76288K, used 10749K [0x000000076b380000, 0x0000000770880000, 0x00000007c0000000)
  eden space 65536K, 0% used [0x000000076b380000,0x000000076b380000,0x000000076f380000)
  from space 10752K, 99% used [0x000000076fe00000,0x000000077087f4d8,0x0000000770880000)
  to   space 10752K, 0% used [0x000000076f380000,0x000000076f380000,0x000000076fe00000)
 ParOldGen       total 175104K, used 5112K [0x00000006c1a00000, 0x00000006cc500000, 0x000000076b380000)
  object space 175104K, 2% used [0x00000006c1a00000,0x00000006c1efe088,0x00000006cc500000)
 Metaspace       used 20417K, capacity 21172K, committed 21248K, reserved 1067008K
  class space    used 2442K, capacity 2796K, committed 2816K, reserved 1048576K
Event: 3.052 GC heap after
Heap after GC invocations=3 (full 1):
 PSYoungGen      total 76288K, used 0K [0x000000076b380000, 0x0000000770880000, 0x00000007c0000000)
  eden space 65536K, 0% used [0x000000076b380000,0x000000076b380000,0x000000076f380000)
  from space 10752K, 0% used [0x000000076fe00000,0x000000076fe00000,0x0000000770880000)
  to   space 10752K, 0% used [0x000000076f380000,0x000000076f380000,0x000000076fe00000)
 ParOldGen       total 125440K, used 14160K [0x00000006c1a00000, 0x00000006c9480000, 0x000000076b380000)
  object space 125440K, 11% used [0x00000006c1a00000,0x00000006c27d40f0,0x00000006c9480000)
 Metaspace       used 20417K, capacity 21172K, committed 21248K, reserved 1067008K
  class space    used 2442K, capacity 2796K, committed 2816K, reserved 1048576K
}

Deoptimization events (10 events):
Event: 1.868 Thread 0x00000000030c3800 Uncommon trap: reason=range_check action=none pc=0x000000000345eba4 method=sun.reflect.generics.parser.SignatureParser.current()C @ 34
Event: 1.869 Thread 0x00000000030c3800 Uncommon trap: reason=range_check action=none pc=0x000000000345eba4 method=sun.reflect.generics.parser.SignatureParser.current()C @ 34
Event: 1.907 Thread 0x00000000030c3800 Uncommon trap: reason=range_check action=none pc=0x000000000345eba4 method=sun.reflect.generics.parser.SignatureParser.current()C @ 34
Event: 1.920 Thread 0x00000000030c3800 Uncommon trap: reason=unstable_if action=reinterpret pc=0x000000000386daa0 method=java.lang.CharacterDataLatin1.digit(II)I @ 82
Event: 1.937 Thread 0x00000000030c3800 Uncommon trap: reason=unstable_if action=reinterpret pc=0x00000000037e0828 method=java.util.concurrent.ConcurrentHashMap.putVal(Ljava/lang/Object;Ljava/lang/Object;Z)Ljava/lang/Object; @ 181
Event: 2.264 Thread 0x00000000030c3800 Uncommon trap: reason=unstable_if action=reinterpret pc=0x000000000386e7ec method=java.lang.CharacterDataLatin1.digit(II)I @ 82
Event: 2.289 Thread 0x00000000030c3800 Uncommon trap: reason=unstable_if action=reinterpret pc=0x0000000003a06e48 method=java.util.jar.Manifest$FastInputStream.readLine([BII)I @ 87
Event: 3.058 Thread 0x00000000030c3800 Uncommon trap: reason=range_check action=none pc=0x000000000345eba4 method=sun.reflect.generics.parser.SignatureParser.current()C @ 34
Event: 3.058 Thread 0x00000000030c3800 Uncommon trap: reason=range_check action=none pc=0x000000000345eba4 method=sun.reflect.generics.parser.SignatureParser.current()C @ 34
Event: 3.076 Thread 0x00000000030c3800 Uncommon trap: reason=unstable_if action=reinterpret pc=0x0000000003aa4b70 method=sun.reflect.misc.ReflectUtil.isNonPublicProxyClass(Ljava/lang/Class;)Z @ 14

Classes redefined (3 events):
Event: 42.518 Thread 0x000000001c767000 redefined class name=com.qa.restAssured.GETRestTest, count=1
Event: 78.118 Thread 0x000000001c767000 redefined class name=com.qa.restAssured.GETRestTest, count=2
Event: 84.584 Thread 0x000000001c767000 redefined class name=com.qa.restAssured.GETRestTest, count=3

Internal exceptions (10 events):
Event: 3.075 Thread 0x00000000030c3800 Exception <a 'java/lang/ClassNotFoundException': groovy/runtime/metaclass/[BMetaClass> (0x000000076b5825b8) thrown at [C:\re\workspace\8-2-build-windows-amd64-cygwin\jdk8u201\12322\hotspot\src\share\vm\prims\jni.cpp, line 735]
Event: 3.076 Thread 0x00000000030c3800 Exception <a 'java/lang/ClassNotFoundException': [BBeanInfo> (0x000000076b586308) thrown at [C:\re\workspace\8-2-build-windows-amd64-cygwin\jdk8u201\12322\hotspot\src\share\vm\prims\jni.cpp, line 735]
Event: 3.076 Thread 0x00000000030c3800 Exception <a 'java/lang/ClassNotFoundException': [BBeanInfo> (0x000000076b586928) thrown at [C:\re\workspace\8-2-build-windows-amd64-cygwin\jdk8u201\12322\hotspot\src\share\vm\prims\jni.cpp, line 735]
Event: 3.076 Thread 0x00000000030c3800 Exception <a 'java/lang/ClassNotFoundException': [BCustomizer> (0x000000076b587050) thrown at [C:\re\workspace\8-2-build-windows-amd64-cygwin\jdk8u201\12322\hotspot\src\share\vm\prims\jni.cpp, line 735]
Event: 3.076 Thread 0x00000000030c3800 Exception <a 'java/lang/ClassNotFoundException': [BCustomizer> (0x000000076b587670) thrown at [C:\re\workspace\8-2-build-windows-amd64-cygwin\jdk8u201\12322\hotspot\src\share\vm\prims\jni.cpp, line 735]
Event: 3.077 Thread 0x00000000030c3800 Exception <a 'java/lang/ClassNotFoundException': org/apache/http/conn/EofSensorInputStreamBeanInfo> (0x000000076b5a0b08) thrown at [C:\re\workspace\8-2-build-windows-amd64-cygwin\jdk8u201\12322\hotspot\src\share\vm\classfile\systemDictionary.cpp, line 210
Event: 3.077 Thread 0x00000000030c3800 Exception <a 'java/lang/ClassNotFoundException': java/io/InputStreamBeanInfo> (0x000000076b5a53d8) thrown at [C:\re\workspace\8-2-build-windows-amd64-cygwin\jdk8u201\12322\hotspot\src\share\vm\classfile\systemDictionary.cpp, line 210]
Event: 3.078 Thread 0x00000000030c3800 Exception <a 'java/lang/ClassNotFoundException': java/io/InputStreamCustomizer> (0x000000076b5a9d98) thrown at [C:\re\workspace\8-2-build-windows-amd64-cygwin\jdk8u201\12322\hotspot\src\share\vm\classfile\systemDictionary.cpp, line 210]
Event: 3.078 Thread 0x00000000030c3800 Exception <a 'java/lang/ClassNotFoundException': org/apache/http/conn/EofSensorInputStreamCustomizer> (0x000000076b5b9760) thrown at [C:\re\workspace\8-2-build-windows-amd64-cygwin\jdk8u201\12322\hotspot\src\share\vm\classfile\systemDictionary.cpp, line 2
Event: 6.922 Thread 0x00000000030c3800 Exception <a 'java/lang/ClassCastException': java.lang.String cannot be cast to java.util.Map$Entry> (0x000000076b639cc8) thrown at [C:\re\workspace\8-2-build-windows-amd64-cygwin\jdk8u201\12322\hotspot\src\share\vm\interpreter\interpreterRuntime.cpp, lin

Events (10 events):
Event: 78.197 Executing VM operation: GetOrSetLocal done
Event: 78.197 Executing VM operation: GetOrSetLocal
Event: 78.197 Executing VM operation: GetOrSetLocal done
Event: 84.573 Executing VM operation: RedefineClasses
Event: 84.584 Executing VM operation: RedefineClasses done
Event: 84.642 Executing VM operation: GetOwnedMonitorInfo
Event: 84.642 Executing VM operation: GetOwnedMonitorInfo done
Event: 84.642 Executing VM operation: GetCurrentContendedMonitor
Event: 84.642 Executing VM operation: GetCurrentContendedMonitor done
Event: 84.646 Executing VM operation: GetOrSetLocal


Dynamic libraries:
0x00007ff6fefb0000 - 0x00007ff6fefe7000 	C:\Program Files\Java\jdk1.8.0_201\bin\javaw.exe
0x00007ffeeeff0000 - 0x00007ffeef1d1000 	C:\Windows\SYSTEM32\ntdll.dll
0x00007ffeed630000 - 0x00007ffeed6e1000 	C:\Windows\System32\KERNEL32.DLL
0x00007ffeeb500000 - 0x00007ffeeb773000 	C:\Windows\System32\KERNELBASE.dll
0x00007ffeece80000 - 0x00007ffeecf21000 	C:\Windows\System32\ADVAPI32.dll
0x00007ffeec460000 - 0x00007ffeec4fe000 	C:\Windows\System32\msvcrt.dll
0x00007ffeeee00000 - 0x00007ffeeee5b000 	C:\Windows\System32\sechost.dll
0x00007ffeeee60000 - 0x00007ffeeef84000 	C:\Windows\System32\RPCRT4.dll
0x00007ffeecb60000 - 0x00007ffeeccf0000 	C:\Windows\System32\USER32.dll
0x00007ffeeb4e0000 - 0x00007ffeeb500000 	C:\Windows\System32\win32u.dll
0x00007ffeec680000 - 0x00007ffeec6a8000 	C:\Windows\System32\GDI32.dll
0x00007ffeec0c0000 - 0x00007ffeec252000 	C:\Windows\System32\gdi32full.dll
0x00007ffeeb390000 - 0x00007ffeeb42f000 	C:\Windows\System32\msvcp_win.dll
0x00007ffeeb780000 - 0x00007ffeeb878000 	C:\Windows\System32\ucrtbase.dll
0x00007ffed30f0000 - 0x00007ffed3359000 	C:\Windows\WinSxS\amd64_microsoft.windows.common-controls_6595b64144ccf1df_6.0.17134.706_none_fb43a2cb30647007\COMCTL32.dll
0x00007ffeed300000 - 0x00007ffeed622000 	C:\Windows\System32\combase.dll
0x00007ffeebfe0000 - 0x00007ffeec05a000 	C:\Windows\System32\bcryptPrimitives.dll
0x00007ffeecdf0000 - 0x00007ffeece1d000 	C:\Windows\System32\IMM32.DLL
0x0000000061140000 - 0x0000000061211000 	C:\Program Files\Java\jdk1.8.0_201\jre\bin\msvcr100.dll
0x000000005fe90000 - 0x0000000060734000 	C:\Program Files\Java\jdk1.8.0_201\jre\bin\server\jvm.dll
0x00007ffeed2f0000 - 0x00007ffeed2f8000 	C:\Windows\System32\PSAPI.DLL
0x00007ffedeb90000 - 0x00007ffedeb9a000 	C:\Windows\SYSTEM32\VERSION.dll
0x00007ffee0f30000 - 0x00007ffee0f39000 	C:\Windows\SYSTEM32\WSOCK32.dll
0x00007ffee9430000 - 0x00007ffee9453000 	C:\Windows\SYSTEM32\WINMM.dll
0x00007ffeecf30000 - 0x00007ffeecf9c000 	C:\Windows\System32\WS2_32.dll
0x00007ffee9400000 - 0x00007ffee942a000 	C:\Windows\SYSTEM32\WINMMBASE.dll
0x00007ffeeb880000 - 0x00007ffeeb8c9000 	C:\Windows\System32\cfgmgr32.dll
0x00007ffee0180000 - 0x00007ffee018f000 	C:\Program Files\Java\jdk1.8.0_201\jre\bin\verify.dll
0x00007ffed3a20000 - 0x00007ffed3a49000 	C:\Program Files\Java\jdk1.8.0_201\jre\bin\java.dll
0x00007ffec49a0000 - 0x00007ffec49d5000 	C:\Program Files\Java\jdk1.8.0_201\jre\bin\jdwp.dll
0x00007ffed9dc0000 - 0x00007ffed9dc8000 	C:\Program Files\Java\jdk1.8.0_201\jre\bin\npt.dll
0x00007ffed3810000 - 0x00007ffed3826000 	C:\Program Files\Java\jdk1.8.0_201\jre\bin\zip.dll
0x00007ffeed820000 - 0x00007ffeeec60000 	C:\Windows\System32\SHELL32.dll
0x00007ffeed770000 - 0x00007ffeed819000 	C:\Windows\System32\shcore.dll
0x00007ffeeb8d0000 - 0x00007ffeebfdd000 	C:\Windows\System32\windows.storage.dll
0x00007ffeecb00000 - 0x00007ffeecb51000 	C:\Windows\System32\shlwapi.dll
0x00007ffeeb370000 - 0x00007ffeeb381000 	C:\Windows\System32\kernel.appcore.dll
0x00007ffeeb2e0000 - 0x00007ffeeb2ff000 	C:\Windows\System32\profapi.dll
0x00007ffeeb300000 - 0x00007ffeeb34c000 	C:\Windows\System32\powrprof.dll
0x00007ffeeb2d0000 - 0x00007ffeeb2da000 	C:\Windows\System32\FLTLIB.DLL
0x00007ffed9c30000 - 0x00007ffed9c39000 	C:\Program Files\Java\jdk1.8.0_201\jre\bin\dt_socket.dll
0x00007ffee0fc0000 - 0x00007ffee0fd6000 	C:\Windows\system32\napinsp.dll
0x00007ffee1050000 - 0x00007ffee106a000 	C:\Windows\system32\pnrpnsp.dll
0x00007ffee2010000 - 0x00007ffee2029000 	C:\Windows\system32\NLAapi.dll
0x00007ffeeaaf0000 - 0x00007ffeeab56000 	C:\Windows\System32\mswsock.dll
0x00007ffeea8b0000 - 0x00007ffeea96e000 	C:\Windows\SYSTEM32\DNSAPI.dll
0x00007ffeed120000 - 0x00007ffeed128000 	C:\Windows\System32\NSI.dll
0x00007ffeea870000 - 0x00007ffeea8a8000 	C:\Windows\SYSTEM32\IPHLPAPI.DLL
0x00007ffee13a0000 - 0x00007ffee13ae000 	C:\Windows\System32\winrnr.dll
0x00007ffee2200000 - 0x00007ffee2272000 	C:\Windows\System32\fwpuclnt.dll
0x00007ffeeae30000 - 0x00007ffeeae55000 	C:\Windows\SYSTEM32\bcrypt.dll
0x00007ffedef50000 - 0x00007ffedef5a000 	C:\Windows\System32\rasadhlp.dll
0x00007ffed37b0000 - 0x00007ffed37ca000 	C:\Program Files\Java\jdk1.8.0_201\jre\bin\net.dll
0x00007ffee7980000 - 0x00007ffee7b48000 	C:\Windows\SYSTEM32\urlmon.dll
0x00007ffee76d0000 - 0x00007ffee7976000 	C:\Windows\SYSTEM32\iertutil.dll
0x00007ffeeaca0000 - 0x00007ffeeacab000 	C:\Windows\SYSTEM32\CRYPTBASE.DLL
0x00007ffeeacb0000 - 0x00007ffeeacc7000 	C:\Windows\SYSTEM32\CRYPTSP.dll
0x00007ffeea6d0000 - 0x00007ffeea703000 	C:\Windows\system32\rsaenh.dll
0x00007ffeeb1d0000 - 0x00007ffeeb1f8000 	C:\Windows\SYSTEM32\USERENV.dll
0x00007ffee1ce0000 - 0x00007ffee1cf6000 	C:\Windows\SYSTEM32\dhcpcsvc6.DLL
0x00007ffee1cc0000 - 0x00007ffee1cda000 	C:\Windows\SYSTEM32\dhcpcsvc.DLL
0x00007ffed1c00000 - 0x00007ffed1c11000 	C:\Program Files\Java\jdk1.8.0_201\jre\bin\nio.dll
0x00007ffec4770000 - 0x00007ffec4794000 	C:\Program Files\Java\jdk1.8.0_201\jre\bin\sunec.dll
0x00007ffed7130000 - 0x00007ffed713b000 	C:\Program Files\Java\jdk1.8.0_201\jre\bin\sunmscapi.dll
0x00007ffeec260000 - 0x00007ffeec442000 	C:\Windows\System32\CRYPT32.dll
0x00007ffeeb350000 - 0x00007ffeeb362000 	C:\Windows\System32\MSASN1.dll

VM Arguments:
jvm_args: -agentlib:jdwp=transport=dt_socket,suspend=y,address=localhost:49188 -ea -Dfile.encoding=Cp1252 -Xbootclasspath:C:\Program Files\Java\jdk1.8.0_201\jre\lib\resources.jar;C:\Program Files\Java\jdk1.8.0_201\jre\lib\rt.jar;C:\Program Files\Java\jdk1.8.0_201\jre\lib\jsse.jar;C:\Program Files\Java\jdk1.8.0_201\jre\lib\jce.jar;C:\Program Files\Java\jdk1.8.0_201\jre\lib\charsets.jar;C:\Program Files\Java\jdk1.8.0_201\jre\lib\jfr.jar;C:\Program Files\Java\jdk1.8.0_201\lib\tools.jar 
java_command: org.testng.remote.RemoteTestNG -serport 49187 -protocol json -d C:\Users\dheeraj.singh\eclipse-workspace\RestApiTest\test-output C:\Users\DHEERA~1.SIN\AppData\Local\Temp\testng-eclipse-665528707\testng-customsuite.xml
java_class_path (initial): C:\Users\dheeraj.singh\Downloads\eclipse-jee-2018-12-R-win32-x86_64\eclipse\configuration\org.eclipse.osgi\956\0\.cp\lib\testng-remote.jar;C:\Users\dheeraj.singh\eclipse-workspace\RestApiTest\target\test-classes;C:\Users\dheeraj.singh\eclipse-workspace\RestApiTest\target\classes;C:\Users\dheeraj.singh\.m2\repository\io\rest-assured\rest-assured\3.0.0\rest-assured-3.0.0.jar;C:\Users\dheeraj.singh\.m2\repository\org\codehaus\groovy\groovy\2.4.6\groovy-2.4.6.jar;C:\Users\dheeraj.singh\.m2\repository\org\codehaus\groovy\groovy-xml\2.4.6\groovy-xml-2.4.6.jar;C:\Users\dheeraj.singh\.m2\repository\org\apache\httpcomponents\httpmime\4.5.1\httpmime-4.5.1.jar;C:\Users\dheeraj.singh\.m2\repository\org\hamcrest\hamcrest-core\1.3\hamcrest-core-1.3.jar;C:\Users\dheeraj.singh\.m2\repository\org\hamcrest\hamcrest-library\1.3\hamcrest-library-1.3.jar;C:\Users\dheeraj.singh\.m2\repository\org\ccil\cowan\tagsoup\tagsoup\1.2.1\tagsoup-1.2.1.jar;C:\Users\dheeraj.singh\.m2\repository\io\rest-assured\json-path\3.0.0\json-path-3.0.0.jar;C:\Users\dheeraj.singh\.m2\repository\org\codehaus\groovy\groovy-json\2.4.6\groovy-json-2.4.6.jar;C:\Users\dheeraj.singh\.m2\repository\io\rest-assured\rest-assured-common\3.0.0\rest-assured-common-3.0.0.jar;C:\Users\dheeraj.singh\.m2\repository\io\rest-assured\xml-path\3.0.0\xml-path-3.0.0.jar;C:\Users\dheeraj.singh\.m2\repository\org\apache\commons\commons-lang3\3.4\commons-lang3-3.4.jar;C:\Users\dheeraj.singh\.m2\repository\org\apache\httpcomponents\httpclient\4.5.8\httpclient-4.5.8.jar;C:\Users\dheeraj.singh\.m2\repository\commons-logging\commons-logging\1.2\commons-logging-1.2.jar;C:\Users\dheeraj.singh\.m2\repository\commons-codec\commons-codec\1.11\commons-codec-1.11.jar;C:\Users\dheeraj.singh\.m2\repository\org\apache\httpcomponents\httpcore\4.4.11\httpcore-4.4.11.jar;C:\Users\dheeraj.singh\.m2\repository\org\testng\testng\6.14.3\testng-6.14.3.jar;C:\Users\dheeraj.singh\.m2\repository\com\beust\jcommander\1.72\jcommander
Launcher Type: SUN_STANDARD

Environment Variables:
PATH=C:\Program Files\Java\jdk1.8.0_201\jre\bin;C:/Program Files/Java/jre1.8.0_201/bin/server;C:/Program Files/Java/jre1.8.0_201/bin;C:/Program Files/Java/jre1.8.0_201/lib/amd64;C:\Program Files (x86)\Common Files\Oracle\Java\javapath;C:\Windows\system32;C:\Windows;C:\Windows\System32\Wbem;C:\Windows\System32\WindowsPowerShell\v1.0\;C:\Windows\System32\OpenSSH\;C:\Program Files\TortoiseSVN\bin;C:\Program Files\dotnet\;C:\Program Files\Microsoft SQL Server\130\Tools\Binn\;E:\Selenium jars\apache-maven-3.6.0\bin;C:\Program Files\Java\jdk1.8.0_201\bin;C:\Users\dheeraj.singh\AppData\Local\Programs\Git\cmd;C:\Users\dheeraj.singh\.dotnet\tools;C:\Users\dheeraj.singh\Downloads\eclipse-jee-2018-12-R-win32-x86_64\eclipse;
USERNAME=dheeraj.singh
OS=Windows_NT
PROCESSOR_IDENTIFIER=Intel64 Family 6 Model 158 Stepping 9, GenuineIntel



---------------  S Y S T E M  ---------------

OS: Windows 10.0 , 64 bit Build 17134 (10.0.17134.706)

CPU:total 4 (initial active 4) (4 cores per cpu, 1 threads per core) family 6 model 158 stepping 9, cmov, cx8, fxsr, mmx, sse, sse2, sse3, ssse3, sse4.1, sse4.2, popcnt, avx, avx2, aes, clmul, erms, rtm, 3dnowpref, lzcnt, tsc, tscinvbit, bmi1, bmi2, adx

Memory: 4k page, physical 16670584k(8140872k free), swap 19160952k(3351456k free)

vm_info: Java HotSpot(TM) 64-Bit Server VM (25.201-b09) for windows-amd64 JRE (1.8.0_201-b09), built on Dec 15 2018 18:36:39 by "java_re" with MS VC++ 10.0 (VS2010)

time: Tue Apr 30 16:41:07 2019
timezone: India Standard Time
elapsed time: 84 seconds (0d 0h 1m 24s)

